{
  "stats": {
    "suites": 1,
    "tests": 1,
    "passes": 0,
    "pending": 0,
    "failures": 1,
    "start": "2023-02-01T10:12:04.077Z",
    "end": "2023-02-01T10:12:04.788Z",
    "duration": 711,
    "testsRegistered": 3,
    "passPercent": 0,
    "pendingPercent": 0,
    "other": 0,
    "hasOther": false,
    "skipped": 2,
    "hasSkipped": true
  },
  "results": [
    {
      "uuid": "8e4d210a-5786-4ae9-bc86-6e8ad03277ad",
      "title": "",
      "fullFile": "cypress\\e2e\\homepage-tests.cy.js",
      "file": "cypress\\e2e\\homepage-tests.cy.js",
      "beforeHooks": [],
      "afterHooks": [],
      "tests": [],
      "suites": [
        {
          "uuid": "5065ad95-6fbc-405a-81f2-2146680a5076",
          "title": "Verify home page",
          "fullFile": "",
          "file": "",
          "beforeHooks": [],
          "afterHooks": [],
          "tests": [
            {
              "title": "Verify home page elements",
              "fullTitle": "Verify home page Verify home page elements",
              "timedOut": null,
              "duration": 595,
              "state": "failed",
              "speed": null,
              "pass": false,
              "fail": true,
              "pending": false,
              "context": "{\n  \"title\": \"cypress-mochawesome-reporter-screenshots\",\n  \"value\": [\n    [\n      {\n        \"title\": \"Failed screenshot\",\n        \"value\": \"\\\\homepage-tests.cy.js\\\\Verify home page elements -- before each hook (failed).png\"\n      }\n    ]\n  ]\n}",
              "code": "cy.visit('/dashboard');\n_Utils.utils.getElement(_HomePage.homePage.spendkeyLogo).should(\"be.visible\");\n_Utils.utils.getElement(_HomePage.homePage.loggedInUser).should('have.text', 'Abhishek');\ncy.wait(5000);",
              "err": {
                "message": "CypressError: `cy.visit()` failed trying to load:\n\n/login\n\nWe failed looking for this file at the path:\n\n/Users/Dell/Desktop/git/cypress-Spendkey/SpendKey_Cypress/login\n\nThe internal Cypress web server responded with:\n\n  > 404: Not Found\n\nThis error occurred while creating the session. Because the session setup failed, we failed the test.\n\nBecause this error occurred during a `before each` hook we are skipping all of the remaining tests.",
                "estack": "CypressError: `cy.visit()` failed trying to load:\n\n/login\n\nWe failed looking for this file at the path:\n\n/Users/Dell/Desktop/git/cypress-Spendkey/SpendKey_Cypress/login\n\nThe internal Cypress web server responded with:\n\n  > 404: Not Found\n\nThis error occurred while creating the session. Because the session setup failed, we failed the test.\n\nBecause this error occurred during a `before each` hook we are skipping all of the remaining tests.\n    at <unknown> (http://localhost:63473/__cypress/runner/cypress_runner.js:138152:84)\n    at visitFailedByErr (http://localhost:63473/__cypress/runner/cypress_runner.js:137560:12)\n    at <unknown> (http://localhost:63473/__cypress/runner/cypress_runner.js:138135:13)\n    at tryCatcher (http://localhost:63473/__cypress/runner/cypress_runner.js:8914:23)\n    at Promise._settlePromiseFromHandler (http://localhost:63473/__cypress/runner/cypress_runner.js:6849:31)\n    at Promise._settlePromise (http://localhost:63473/__cypress/runner/cypress_runner.js:6906:18)\n    at Promise._settlePromise0 (http://localhost:63473/__cypress/runner/cypress_runner.js:6951:10)\n    at Promise._settlePromises (http://localhost:63473/__cypress/runner/cypress_runner.js:7027:18)\n    at _drainQueueStep (http://localhost:63473/__cypress/runner/cypress_runner.js:3621:12)\n    at _drainQueue (http://localhost:63473/__cypress/runner/cypress_runner.js:3614:9)\n    at ../../node_modules/bluebird/js/release/async.js.Async._drainQueues (http://localhost:63473/__cypress/runner/cypress_runner.js:3630:5)\n    at Async.drainQueues (http://localhost:63473/__cypress/runner/cypress_runner.js:3500:14)\nFrom Your Spec Code:\n    at Context.eval (webpack:///./cypress/support/commands.js:31:7)",
                "diff": null
              },
              "uuid": "6c085b3d-9374-47fe-ace5-4cfe6ace6f6f",
              "parentUUID": "5065ad95-6fbc-405a-81f2-2146680a5076",
              "isHook": false,
              "skipped": false
            },
            {
              "title": "Verify the sidebar menu options and text are visible",
              "fullTitle": "Verify home page Verify the sidebar menu options and text are visible",
              "timedOut": null,
              "duration": 0,
              "state": "skipped",
              "speed": null,
              "pass": false,
              "fail": false,
              "pending": false,
              "context": null,
              "code": "cy.visit('/dashboard');\ncy.reload();\n_Utils.utils.getElement(_HomePage.homePage.preReports).should(\"be.visible\").contains(\" Pre Reports \");\n_Utils.utils.getElement(_HomePage.homePage.postReports).should(\"be.visible\").contains(\" Post Reports \");",
              "err": {},
              "uuid": "77809781-a482-485a-b9a8-313be31c4384",
              "parentUUID": "5065ad95-6fbc-405a-81f2-2146680a5076",
              "isHook": false,
              "skipped": true
            },
            {
              "title": "Verify dropdown element text",
              "fullTitle": "Verify home page Verify dropdown element text",
              "timedOut": null,
              "duration": 0,
              "state": "skipped",
              "speed": null,
              "pass": false,
              "fail": false,
              "pending": false,
              "context": null,
              "code": "cy.visit('/dashboard');\ncy.reload();\n_Utils.utils.clickOn(_HomePage.homePage.preReports);\nvar array = _Utils.utils.getTextOfAllElements(_HomePage.homePage.preReportListElements);\ncy.wrap(array).should('deep.equal', this.data.preReportList);",
              "err": {},
              "uuid": "451e813a-5b61-4de3-a4d0-3be449aacbe0",
              "parentUUID": "5065ad95-6fbc-405a-81f2-2146680a5076",
              "isHook": false,
              "skipped": true
            }
          ],
          "suites": [],
          "passes": [],
          "failures": [
            "6c085b3d-9374-47fe-ace5-4cfe6ace6f6f"
          ],
          "pending": [],
          "skipped": [
            "77809781-a482-485a-b9a8-313be31c4384",
            "451e813a-5b61-4de3-a4d0-3be449aacbe0"
          ],
          "duration": 595,
          "root": false,
          "rootEmpty": false,
          "_timeout": 2000
        }
      ],
      "passes": [],
      "failures": [],
      "pending": [],
      "skipped": [],
      "duration": 0,
      "root": true,
      "rootEmpty": true,
      "_timeout": 2000
    }
  ],
  "meta": {
    "mocha": {
      "version": "7.0.1"
    },
    "mochawesome": {
      "options": {
        "quiet": false,
        "reportFilename": "mochawesome",
        "saveHtml": false,
        "saveJson": true,
        "consoleReporter": "spec",
        "useInlineDiffs": false,
        "code": true
      },
      "version": "7.1.3"
    },
    "marge": {
      "options": {
        "charts": true,
        "reportPageTitle": "Spendkey Reports",
        "embeddedScreenshots": true,
        "quite": true,
        "overwrite": false,
        "json": true,
        "html": false,
        "reportDir": "cypress\\reports\\html\\.jsons"
      },
      "version": "6.2.0"
    }
  }
}