{
  "stats": {
    "suites": 1,
    "tests": 1,
    "passes": 1,
    "pending": 0,
    "failures": 0,
    "start": "2023-01-23T06:57:42.399Z",
    "end": "2023-01-23T06:57:50.763Z",
    "duration": 8364,
    "testsRegistered": 1,
    "passPercent": 100,
    "pendingPercent": 0,
    "other": 0,
    "hasOther": false,
    "skipped": 0,
    "hasSkipped": false
  },
  "results": [
    {
      "uuid": "66c49e71-861d-45d9-a75c-8f01da62e478",
      "title": "",
      "fullFile": "cypress\\e2e\\login-tests.cy.js",
      "file": "cypress\\e2e\\login-tests.cy.js",
      "beforeHooks": [],
      "afterHooks": [],
      "tests": [],
      "suites": [
        {
          "uuid": "ee594d78-96c2-47f9-8129-b5c1ec855b13",
          "title": "Verify Login",
          "fullFile": "",
          "file": "",
          "beforeHooks": [],
          "afterHooks": [],
          "tests": [
            {
              "title": "Verify login with valid email and password",
              "fullTitle": "Verify Login Verify login with valid email and password",
              "timedOut": null,
              "duration": 8191,
              "state": "passed",
              "speed": "medium",
              "pass": true,
              "fail": false,
              "pending": false,
              "context": "{\n  \"title\": \"cypress-mochawesome-reporter-screenshots\",\n  \"value\": [\n    [\n      {\n        \"title\": \"Screenshot\",\n        \"value\": \"\\\\login-tests.cy.js\\\\LoginPage.png\"\n      }\n    ]\n  ]\n}",
              "code": "cy.visit('/login');\n_Utils.utils.clickOn(_LoginPage.loginPage.emailAddressField);\n_Utils.utils.clearAndType(_LoginPage.loginPage.emailAddressField, email);\n_Utils.utils.clickOn(_LoginPage.loginPage.passwordField);\n_Utils.utils.clearAndType(_LoginPage.loginPage.passwordField, password);\n_Utils.utils.clickOn(_LoginPage.loginPage.loginButton);\n_Utils.utils.getElement(_HomePage.homePage.loggedInUser).should('have.text', 'Abhishek');\ncy.wait(3000);\ncy.screenshot('LoginPage');",
              "err": {},
              "uuid": "aacb47bb-d421-44bc-ba1d-0adcd9bbbc0e",
              "parentUUID": "ee594d78-96c2-47f9-8129-b5c1ec855b13",
              "isHook": false,
              "skipped": false
            }
          ],
          "suites": [],
          "passes": [
            "aacb47bb-d421-44bc-ba1d-0adcd9bbbc0e"
          ],
          "failures": [],
          "pending": [],
          "skipped": [],
          "duration": 8191,
          "root": false,
          "rootEmpty": false,
          "_timeout": 2000
        }
      ],
      "passes": [],
      "failures": [],
      "pending": [],
      "skipped": [],
      "duration": 0,
      "root": true,
      "rootEmpty": true,
      "_timeout": 2000
    }
  ],
  "meta": {
    "mocha": {
      "version": "7.0.1"
    },
    "mochawesome": {
      "options": {
        "quiet": false,
        "reportFilename": "mochawesome",
        "saveHtml": false,
        "saveJson": true,
        "consoleReporter": "spec",
        "useInlineDiffs": false,
        "code": true
      },
      "version": "7.1.3"
    },
    "marge": {
      "options": {
        "charts": true,
        "reportPageTitle": "Spendkey Reports",
        "embeddedScreenshots": true,
        "quite": true,
        "overwrite": false,
        "json": true,
        "html": false,
        "reportDir": "cypress\\reports\\html\\.jsons"
      },
      "version": "6.2.0"
    }
  }
}