{
  "stats": {
    "suites": 1,
    "tests": 3,
    "passes": 3,
    "pending": 0,
    "failures": 0,
    "start": "2023-01-25T06:57:10.079Z",
    "end": "2023-01-25T06:57:56.548Z",
    "duration": 46469,
    "testsRegistered": 3,
    "passPercent": 100,
    "pendingPercent": 0,
    "other": 0,
    "hasOther": false,
    "skipped": 0,
    "hasSkipped": false
  },
  "results": [
    {
      "uuid": "bbaad92a-0a05-4c74-b175-80201619764e",
      "title": "",
      "fullFile": "cypress\\e2e\\homepage-tests.cy.js",
      "file": "cypress\\e2e\\homepage-tests.cy.js",
      "beforeHooks": [],
      "afterHooks": [],
      "tests": [],
      "suites": [
        {
          "uuid": "88b77278-1dce-49c2-ab5e-d02218cb74cf",
          "title": "Verify home page",
          "fullFile": "",
          "file": "",
          "beforeHooks": [],
          "afterHooks": [],
          "tests": [
            {
              "title": "Verify home page elements",
              "fullTitle": "Verify home page Verify home page elements",
              "timedOut": null,
              "duration": 25229,
              "state": "passed",
              "speed": "slow",
              "pass": true,
              "fail": false,
              "pending": false,
              "context": null,
              "code": "cy.visit('/dashboard');\n_Utils.utils.getElement(_HomePage.homePage.spendkeyLogo).should(\"be.visible\");\n_Utils.utils.getElement(_HomePage.homePage.loggedInUser).should('have.text', 'Abhishek');\ncy.wait(5000);",
              "err": {},
              "uuid": "b2d2d380-bddf-4169-9c90-dccac1efaf91",
              "parentUUID": "88b77278-1dce-49c2-ab5e-d02218cb74cf",
              "isHook": false,
              "skipped": false
            },
            {
              "title": "Verify the sidebar menu options and text are visible",
              "fullTitle": "Verify home page Verify the sidebar menu options and text are visible",
              "timedOut": null,
              "duration": 13931,
              "state": "passed",
              "speed": "slow",
              "pass": true,
              "fail": false,
              "pending": false,
              "context": null,
              "code": "cy.visit('/dashboard');\ncy.reload();\n_Utils.utils.getElement(_HomePage.homePage.preReports).should(\"be.visible\").contains(\" Pre Reports \");\n_Utils.utils.getElement(_HomePage.homePage.postReports).should(\"be.visible\").contains(\" Post Reports \");",
              "err": {},
              "uuid": "d273eefc-93bb-46cf-87c1-4364f935b292",
              "parentUUID": "88b77278-1dce-49c2-ab5e-d02218cb74cf",
              "isHook": false,
              "skipped": false
            },
            {
              "title": "Verify dropdown element text",
              "fullTitle": "Verify home page Verify dropdown element text",
              "timedOut": null,
              "duration": 7059,
              "state": "passed",
              "speed": "medium",
              "pass": true,
              "fail": false,
              "pending": false,
              "context": null,
              "code": "cy.visit('/dashboard');\ncy.reload();\n_Utils.utils.clickOn(_HomePage.homePage.preReports);\nvar array = _Utils.utils.getTextOfAllElements(_HomePage.homePage.preReportListElements);\ncy.wrap(array).should('deep.equal', this.data.preReportList);",
              "err": {},
              "uuid": "0a23c340-68c0-48c6-b83a-9121865a5ade",
              "parentUUID": "88b77278-1dce-49c2-ab5e-d02218cb74cf",
              "isHook": false,
              "skipped": false
            }
          ],
          "suites": [],
          "passes": [
            "b2d2d380-bddf-4169-9c90-dccac1efaf91",
            "d273eefc-93bb-46cf-87c1-4364f935b292",
            "0a23c340-68c0-48c6-b83a-9121865a5ade"
          ],
          "failures": [],
          "pending": [],
          "skipped": [],
          "duration": 46219,
          "root": false,
          "rootEmpty": false,
          "_timeout": 2000
        }
      ],
      "passes": [],
      "failures": [],
      "pending": [],
      "skipped": [],
      "duration": 0,
      "root": true,
      "rootEmpty": true,
      "_timeout": 2000
    }
  ],
  "meta": {
    "mocha": {
      "version": "7.0.1"
    },
    "mochawesome": {
      "options": {
        "quiet": false,
        "reportFilename": "mochawesome",
        "saveHtml": false,
        "saveJson": true,
        "consoleReporter": "spec",
        "useInlineDiffs": false,
        "code": true
      },
      "version": "7.1.3"
    },
    "marge": {
      "options": {
        "charts": true,
        "reportPageTitle": "Spendkey Reports",
        "embeddedScreenshots": true,
        "quite": true,
        "overwrite": false,
        "json": true,
        "html": false,
        "reportDir": "cypress\\reports\\html\\.jsons"
      },
      "version": "6.2.0"
    }
  }
}